<?xml version="1.0"?>
<!-- Copyright 2012-2024 The MathWorks, Inc. -->
<rsccat version="1.0" locale="en_US" product="MATLAB">
    <message>
        <entry key="LoadedResults">Unable to generate a report from the test results in the MAT file.</entry>
        <entry key="Totals">Totals:</entry>
        <entry key="PassedFailedIncomplete" translate="false">{0,number,integer} Passed, {1,number,integer} Failed{2}, {3,number,integer} Incomplete.</entry>
        <entry key="Duration">{0} seconds testing time.</entry>
        <entry key="Rerun">rerun</entry>
        <entry key="MustBeATestResult">Unable to rerun the failed tests because {0} is not a matlab.unittest.TestResult array.</entry>
        <entry key="StaleTestResults">Unable to rerun the failed tests because the variable {0} has changed.</entry>
        <entry key="TestResultVariableMustExist">Unable to rerun the failed tests because the variable {0} no longer exists.</entry>
        <entry key="TestRunnerMismatch">Unable to rerun the failed tests because they correspond to different test runs.</entry>
        <entry key="UnsuccessfulRun">At least one test failed in the test session.</entry>
        <entry key="CannotModifyResultAfterFinalized">Appending to the Details property of a finalized TestResult is not supported.</entry>
        
    </message>
</rsccat>
