<?xml version="1.0" encoding="UTF-8"?>
<!--Copyright 2024 The MathWorks, Inc.-->

<rsccat xmlns:xsi="http://www.w3.org/2001/XMLSchema-instance" version="1.0" locale="ko_KR" product="MATLAB" xsi:noNamespaceSchemaLocation="../../../../resources/schema/msgcat.xsd">
  <message>
    <entry key="LoadedResults">Unable to generate a report from the test results in the MAT file.</entry>
    <entry key="Totals">전체:</entry>
    <entry key="Duration">테스트 시간은 {0}초입니다.</entry>
    <entry key="Rerun">다시 실행</entry>
    <entry key="MustBeATestResult">Unable to rerun the failed tests because {0} is not a matlab.unittest.TestResult array.</entry>
    <entry key="StaleTestResults">Unable to rerun the failed tests because the variable {0} has changed.</entry>
    <entry key="TestResultVariableMustExist">Unable to rerun the failed tests because the variable {0} no longer exists.</entry>
    <entry key="TestRunnerMismatch">Unable to rerun the failed tests because they correspond to different test runs.</entry>
    <entry key="UnsuccessfulRun">테스트 세션에서 적어도 하나의 테스트가 실패했습니다.</entry>
    <entry key="CannotModifyResultAfterFinalized">완료된 TestResult의 Details 속성에는 추가할 수 없습니다.</entry>
    <entry key="PassedFailedIncomplete">{0,number,integer} Passed, {1,number,integer} Failed{2}, {3,number,integer} Incomplete.</entry>
  </message>
</rsccat>
