<?xml version="1.0" encoding="UTF-8"?>
<!--Copyright 2024 The MathWorks, Inc.-->

<rsccat xmlns:xsi="http://www.w3.org/2001/XMLSchema-instance" version="1.0" locale="zh_CN" product="MATLAB" xsi:noNamespaceSchemaLocation="../../../../resources/schema/msgcat.xsd">
  <message>
    <entry key="LoadedResults">Unable to generate a report from the test results in the MAT file.</entry>
    <entry key="Totals">总计:</entry>
    <entry key="Duration">{0} 秒测试时间。</entry>
    <entry key="Rerun">重新运行</entry>
    <entry key="MustBeATestResult">Unable to rerun the failed tests because {0} is not a matlab.unittest.TestResult array.</entry>
    <entry key="StaleTestResults">Unable to rerun the failed tests because the variable {0} has changed.</entry>
    <entry key="TestResultVariableMustExist">Unable to rerun the failed tests because the variable {0} no longer exists.</entry>
    <entry key="TestRunnerMismatch">Unable to rerun the failed tests because they correspond to different test runs.</entry>
    <entry key="UnsuccessfulRun">测试会话中有至少一个测试失败。</entry>
    <entry key="CannotModifyResultAfterFinalized">不支持向已完成的 TestResult 追加 Details 属性。</entry>
    <entry key="PassedFailedIncomplete">{0,number,integer} Passed, {1,number,integer} Failed{2}, {3,number,integer} Incomplete.</entry>
  </message>
</rsccat>
